[2025-12-29 17:13:08,489:main.py#L25:INFO]: ====================================================================================================
[2025-12-29 17:13:08,489:main.py#L26:INFO]: E2ETune: End-to-End Database Tuning System
[2025-12-29 17:13:08,489:main.py#L27:INFO]: ====================================================================================================
[2025-12-29 17:13:08,489:main.py#L28:INFO]: Configuration file: config/config.ini
[2025-12-29 17:13:08,489:main.py#L29:INFO]: Host: localhost
[2025-12-29 17:13:08,489:main.py#L30:INFO]: Database: tpcds
[2025-12-29 17:13:08,489:main.py#L31:INFO]: Data Path: /var/lib/postgresql/12/main
[2025-12-29 17:13:08,490:main.py#L32:INFO]: Benchmark: tpcds
[2025-12-29 17:13:08,490:main.py#L33:INFO]: Workload Path: ./olap_workloads/
[2025-12-29 17:13:08,490:main.py#L34:INFO]: ====================================================================================================
[2025-12-29 17:13:08,491:main.py#L49:INFO]: Found 233 workloads matching prefix 'tpcds'
[2025-12-29 17:13:08,492:main.py#L55:INFO]: Found 26 completed workload records in: logs/performance_record
[2025-12-29 17:13:08,492:main.py#L63:INFO]: Processing first 13 of 233 workloads
[2025-12-29 17:13:08,492:main.py#L82:INFO]: ----------------------------------------------------------------------------------------------------
[2025-12-29 17:13:08,492:main.py#L83:INFO]: [Workload 1/13] Starting tuning for: tpcds_0.wg
[2025-12-29 17:13:08,492:main.py#L84:INFO]: ----------------------------------------------------------------------------------------------------
[2025-12-29 17:37:32,768:main.py#L89:INFO]: [Workload 1/13] Successfully completed tuning for: tpcds_0.wg
[2025-12-29 17:37:32,768:main.py#L82:INFO]: ----------------------------------------------------------------------------------------------------
[2025-12-29 17:37:32,769:main.py#L83:INFO]: [Workload 2/13] Starting tuning for: tpcds_1.wg
[2025-12-29 17:37:32,769:main.py#L84:INFO]: ----------------------------------------------------------------------------------------------------
[2025-12-29 17:57:55,405:main.py#L89:INFO]: [Workload 2/13] Successfully completed tuning for: tpcds_1.wg
[2025-12-29 17:57:55,405:main.py#L82:INFO]: ----------------------------------------------------------------------------------------------------
[2025-12-29 17:57:55,405:main.py#L83:INFO]: [Workload 3/13] Starting tuning for: tpcds_2.wg
[2025-12-29 17:57:55,405:main.py#L84:INFO]: ----------------------------------------------------------------------------------------------------
[2025-12-29 18:15:44,412:main.py#L89:INFO]: [Workload 3/13] Successfully completed tuning for: tpcds_2.wg
[2025-12-29 18:15:44,412:main.py#L82:INFO]: ----------------------------------------------------------------------------------------------------
[2025-12-29 18:15:44,412:main.py#L83:INFO]: [Workload 4/13] Starting tuning for: tpcds_3.wg
[2025-12-29 18:15:44,412:main.py#L84:INFO]: ----------------------------------------------------------------------------------------------------
[2025-12-29 18:34:59,619:main.py#L89:INFO]: [Workload 4/13] Successfully completed tuning for: tpcds_3.wg
[2025-12-29 18:34:59,619:main.py#L82:INFO]: ----------------------------------------------------------------------------------------------------
[2025-12-29 18:34:59,619:main.py#L83:INFO]: [Workload 5/13] Starting tuning for: tpcds_4.wg
[2025-12-29 18:34:59,619:main.py#L84:INFO]: ----------------------------------------------------------------------------------------------------
