[2025-12-23 14:19:00,031:main.py#L25:INFO]: ====================================================================================================
[2025-12-23 14:19:00,031:main.py#L26:INFO]: E2ETune: End-to-End Database Tuning System
[2025-12-23 14:19:00,031:main.py#L27:INFO]: ====================================================================================================
[2025-12-23 14:19:00,031:main.py#L28:INFO]: Configuration file: config/config.ini
[2025-12-23 14:19:00,031:main.py#L29:INFO]: Host: localhost
[2025-12-23 14:19:00,031:main.py#L30:INFO]: Database: imdb
[2025-12-23 14:19:00,031:main.py#L31:INFO]: Data Path: /var/lib/postgresql/12/main
[2025-12-23 14:19:00,031:main.py#L32:INFO]: Benchmark: job
[2025-12-23 14:19:00,031:main.py#L33:INFO]: Workload Path: ./olap_workloads/
[2025-12-23 14:19:00,031:main.py#L34:INFO]: ====================================================================================================
[2025-12-23 14:19:00,033:main.py#L49:INFO]: Found 244 workloads matching prefix 'job'
[2025-12-23 14:19:00,033:main.py#L63:INFO]: Processing first 13 of 244 workloads
[2025-12-23 14:19:00,033:main.py#L82:INFO]: ----------------------------------------------------------------------------------------------------
[2025-12-23 14:19:00,033:main.py#L83:INFO]: [Workload 1/13] Starting tuning for: job_0.wg
[2025-12-23 14:19:00,034:main.py#L84:INFO]: ----------------------------------------------------------------------------------------------------
[2025-12-23 15:14:54,666:main.py#L89:INFO]: [Workload 1/13] Successfully completed tuning for: job_0.wg
[2025-12-23 15:14:54,666:main.py#L82:INFO]: ----------------------------------------------------------------------------------------------------
[2025-12-23 15:14:54,666:main.py#L83:INFO]: [Workload 2/13] Starting tuning for: job_1.wg
[2025-12-23 15:14:54,666:main.py#L84:INFO]: ----------------------------------------------------------------------------------------------------
[2025-12-23 15:24:58,717:main.py#L89:INFO]: [Workload 2/13] Successfully completed tuning for: job_1.wg
[2025-12-23 15:24:58,717:main.py#L82:INFO]: ----------------------------------------------------------------------------------------------------
[2025-12-23 15:24:58,717:main.py#L83:INFO]: [Workload 3/13] Starting tuning for: job_2.wg
[2025-12-23 15:24:58,717:main.py#L84:INFO]: ----------------------------------------------------------------------------------------------------
[2025-12-23 16:06:53,688:main.py#L89:INFO]: [Workload 3/13] Successfully completed tuning for: job_2.wg
[2025-12-23 16:06:53,688:main.py#L82:INFO]: ----------------------------------------------------------------------------------------------------
[2025-12-23 16:06:53,688:main.py#L83:INFO]: [Workload 4/13] Starting tuning for: job_3.wg
[2025-12-23 16:06:53,688:main.py#L84:INFO]: ----------------------------------------------------------------------------------------------------
[2025-12-23 16:38:50,486:main.py#L89:INFO]: [Workload 4/13] Successfully completed tuning for: job_3.wg
[2025-12-23 16:38:50,487:main.py#L82:INFO]: ----------------------------------------------------------------------------------------------------
[2025-12-23 16:38:50,487:main.py#L83:INFO]: [Workload 5/13] Starting tuning for: job_4.wg
[2025-12-23 16:38:50,487:main.py#L84:INFO]: ----------------------------------------------------------------------------------------------------
[2025-12-23 17:22:56,426:main.py#L89:INFO]: [Workload 5/13] Successfully completed tuning for: job_4.wg
[2025-12-23 17:22:56,426:main.py#L82:INFO]: ----------------------------------------------------------------------------------------------------
[2025-12-23 17:22:56,427:main.py#L83:INFO]: [Workload 6/13] Starting tuning for: job_5.wg
[2025-12-23 17:22:56,427:main.py#L84:INFO]: ----------------------------------------------------------------------------------------------------
[2025-12-23 18:15:54,780:main.py#L89:INFO]: [Workload 6/13] Successfully completed tuning for: job_5.wg
[2025-12-23 18:15:54,780:main.py#L82:INFO]: ----------------------------------------------------------------------------------------------------
[2025-12-23 18:15:54,781:main.py#L83:INFO]: [Workload 7/13] Starting tuning for: job_6.wg
[2025-12-23 18:15:54,781:main.py#L84:INFO]: ----------------------------------------------------------------------------------------------------
[2025-12-23 18:45:08,342:main.py#L89:INFO]: [Workload 7/13] Successfully completed tuning for: job_6.wg
[2025-12-23 18:45:08,342:main.py#L82:INFO]: ----------------------------------------------------------------------------------------------------
[2025-12-23 18:45:08,342:main.py#L83:INFO]: [Workload 8/13] Starting tuning for: job_7.wg
[2025-12-23 18:45:08,342:main.py#L84:INFO]: ----------------------------------------------------------------------------------------------------
[2025-12-23 18:53:40,556:main.py#L89:INFO]: [Workload 8/13] Successfully completed tuning for: job_7.wg
[2025-12-23 18:53:40,556:main.py#L82:INFO]: ----------------------------------------------------------------------------------------------------
[2025-12-23 18:53:40,556:main.py#L83:INFO]: [Workload 9/13] Starting tuning for: job_8.wg
[2025-12-23 18:53:40,556:main.py#L84:INFO]: ----------------------------------------------------------------------------------------------------
[2025-12-23 19:13:40,186:main.py#L89:INFO]: [Workload 9/13] Successfully completed tuning for: job_8.wg
[2025-12-23 19:13:40,186:main.py#L82:INFO]: ----------------------------------------------------------------------------------------------------
[2025-12-23 19:13:40,186:main.py#L83:INFO]: [Workload 10/13] Starting tuning for: job_9.wg
[2025-12-23 19:13:40,186:main.py#L84:INFO]: ----------------------------------------------------------------------------------------------------
