[2025-12-29 04:12:27,521:main.py#L25:INFO]: ====================================================================================================
[2025-12-29 04:12:27,521:main.py#L26:INFO]: E2ETune: End-to-End Database Tuning System
[2025-12-29 04:12:27,521:main.py#L27:INFO]: ====================================================================================================
[2025-12-29 04:12:27,522:main.py#L28:INFO]: Configuration file: config/config.ini
[2025-12-29 04:12:27,522:main.py#L29:INFO]: Host: localhost
[2025-12-29 04:12:27,522:main.py#L30:INFO]: Database: dss
[2025-12-29 04:12:27,522:main.py#L31:INFO]: Data Path: /var/lib/postgresql/12/main
[2025-12-29 04:12:27,522:main.py#L32:INFO]: Benchmark: tpch
[2025-12-29 04:12:27,522:main.py#L33:INFO]: Workload Path: ./olap_workloads/
[2025-12-29 04:12:27,522:main.py#L34:INFO]: ====================================================================================================
[2025-12-29 04:12:27,524:main.py#L49:INFO]: Found 272 workloads matching prefix 'tpch'
[2025-12-29 04:12:27,524:main.py#L55:INFO]: Found 13 completed workload records in: logs/performance_record
[2025-12-29 04:12:27,524:main.py#L63:INFO]: Processing first 13 of 272 workloads
[2025-12-29 04:12:27,524:main.py#L82:INFO]: ----------------------------------------------------------------------------------------------------
[2025-12-29 04:12:27,524:main.py#L83:INFO]: [Workload 1/13] Starting tuning for: tpch_0.wg
[2025-12-29 04:12:27,524:main.py#L84:INFO]: ----------------------------------------------------------------------------------------------------
[2025-12-29 04:51:59,946:main.py#L89:INFO]: [Workload 1/13] Successfully completed tuning for: tpch_0.wg
[2025-12-29 04:51:59,946:main.py#L82:INFO]: ----------------------------------------------------------------------------------------------------
[2025-12-29 04:51:59,946:main.py#L83:INFO]: [Workload 2/13] Starting tuning for: tpch_1.wg
[2025-12-29 04:51:59,947:main.py#L84:INFO]: ----------------------------------------------------------------------------------------------------
[2025-12-29 05:39:56,780:main.py#L89:INFO]: [Workload 2/13] Successfully completed tuning for: tpch_1.wg
[2025-12-29 05:39:56,780:main.py#L82:INFO]: ----------------------------------------------------------------------------------------------------
[2025-12-29 05:39:56,781:main.py#L83:INFO]: [Workload 3/13] Starting tuning for: tpch_2.wg
[2025-12-29 05:39:56,781:main.py#L84:INFO]: ----------------------------------------------------------------------------------------------------
[2025-12-29 06:17:38,774:main.py#L89:INFO]: [Workload 3/13] Successfully completed tuning for: tpch_2.wg
[2025-12-29 06:17:38,775:main.py#L82:INFO]: ----------------------------------------------------------------------------------------------------
[2025-12-29 06:17:38,775:main.py#L83:INFO]: [Workload 4/13] Starting tuning for: tpch_3.wg
[2025-12-29 06:17:38,775:main.py#L84:INFO]: ----------------------------------------------------------------------------------------------------
[2025-12-29 06:33:53,454:main.py#L89:INFO]: [Workload 4/13] Successfully completed tuning for: tpch_3.wg
[2025-12-29 06:33:53,454:main.py#L82:INFO]: ----------------------------------------------------------------------------------------------------
[2025-12-29 06:33:53,454:main.py#L83:INFO]: [Workload 5/13] Starting tuning for: tpch_4.wg
[2025-12-29 06:33:53,455:main.py#L84:INFO]: ----------------------------------------------------------------------------------------------------
[2025-12-29 06:50:10,652:main.py#L89:INFO]: [Workload 5/13] Successfully completed tuning for: tpch_4.wg
[2025-12-29 06:50:10,652:main.py#L82:INFO]: ----------------------------------------------------------------------------------------------------
[2025-12-29 06:50:10,652:main.py#L83:INFO]: [Workload 6/13] Starting tuning for: tpch_5.wg
[2025-12-29 06:50:10,652:main.py#L84:INFO]: ----------------------------------------------------------------------------------------------------
[2025-12-29 07:27:29,455:main.py#L89:INFO]: [Workload 6/13] Successfully completed tuning for: tpch_5.wg
[2025-12-29 07:27:29,455:main.py#L82:INFO]: ----------------------------------------------------------------------------------------------------
[2025-12-29 07:27:29,455:main.py#L83:INFO]: [Workload 7/13] Starting tuning for: tpch_6.wg
[2025-12-29 07:27:29,455:main.py#L84:INFO]: ----------------------------------------------------------------------------------------------------
[2025-12-29 08:04:52,360:main.py#L89:INFO]: [Workload 7/13] Successfully completed tuning for: tpch_6.wg
[2025-12-29 08:04:52,360:main.py#L82:INFO]: ----------------------------------------------------------------------------------------------------
[2025-12-29 08:04:52,361:main.py#L83:INFO]: [Workload 8/13] Starting tuning for: tpch_7.wg
[2025-12-29 08:04:52,361:main.py#L84:INFO]: ----------------------------------------------------------------------------------------------------
[2025-12-29 08:27:50,960:main.py#L89:INFO]: [Workload 8/13] Successfully completed tuning for: tpch_7.wg
[2025-12-29 08:27:50,960:main.py#L82:INFO]: ----------------------------------------------------------------------------------------------------
[2025-12-29 08:27:50,960:main.py#L83:INFO]: [Workload 9/13] Starting tuning for: tpch_8.wg
[2025-12-29 08:27:50,960:main.py#L84:INFO]: ----------------------------------------------------------------------------------------------------
[2025-12-29 08:46:10,352:main.py#L89:INFO]: [Workload 9/13] Successfully completed tuning for: tpch_8.wg
[2025-12-29 08:46:10,352:main.py#L82:INFO]: ----------------------------------------------------------------------------------------------------
[2025-12-29 08:46:10,352:main.py#L83:INFO]: [Workload 10/13] Starting tuning for: tpch_9.wg
[2025-12-29 08:46:10,352:main.py#L84:INFO]: ----------------------------------------------------------------------------------------------------
[2025-12-29 09:06:12,845:main.py#L89:INFO]: [Workload 10/13] Successfully completed tuning for: tpch_9.wg
[2025-12-29 09:06:12,845:main.py#L82:INFO]: ----------------------------------------------------------------------------------------------------
[2025-12-29 09:06:12,845:main.py#L83:INFO]: [Workload 11/13] Starting tuning for: tpch_10.wg
[2025-12-29 09:06:12,845:main.py#L84:INFO]: ----------------------------------------------------------------------------------------------------
[2025-12-29 09:28:59,615:main.py#L89:INFO]: [Workload 11/13] Successfully completed tuning for: tpch_10.wg
[2025-12-29 09:28:59,615:main.py#L82:INFO]: ----------------------------------------------------------------------------------------------------
[2025-12-29 09:28:59,615:main.py#L83:INFO]: [Workload 12/13] Starting tuning for: tpch_11.wg
[2025-12-29 09:28:59,615:main.py#L84:INFO]: ----------------------------------------------------------------------------------------------------
[2025-12-29 10:02:14,832:main.py#L89:INFO]: [Workload 12/13] Successfully completed tuning for: tpch_11.wg
[2025-12-29 10:02:14,832:main.py#L82:INFO]: ----------------------------------------------------------------------------------------------------
[2025-12-29 10:02:14,832:main.py#L83:INFO]: [Workload 13/13] Starting tuning for: tpch_12.wg
[2025-12-29 10:02:14,833:main.py#L84:INFO]: ----------------------------------------------------------------------------------------------------
[2025-12-29 10:24:18,783:main.py#L89:INFO]: [Workload 13/13] Successfully completed tuning for: tpch_12.wg
[2025-12-29 10:24:18,783:main.py#L104:INFO]: ====================================================================================================
[2025-12-29 10:24:18,783:main.py#L105:INFO]: TUNING SUMMARY
[2025-12-29 10:24:18,784:main.py#L106:INFO]: ====================================================================================================
[2025-12-29 10:24:18,784:main.py#L107:INFO]: Total workloads processed: 13
[2025-12-29 10:24:18,784:main.py#L108:INFO]: Successfully tuned: 13
[2025-12-29 10:24:18,784:main.py#L109:INFO]: Skipped (already completed): 0
[2025-12-29 10:24:18,784:main.py#L110:INFO]: Failed: 0
[2025-12-29 10:24:18,784:main.py#L111:INFO]: ====================================================================================================
[2025-12-29 10:24:18,784:main.py#L112:INFO]: E2ETune session completed
[2025-12-29 10:24:18,784:main.py#L113:INFO]: ====================================================================================================
