[2025-12-29 19:11:33,142:main.py#L25:INFO]: ====================================================================================================
[2025-12-29 19:11:33,142:main.py#L26:INFO]: E2ETune: End-to-End Database Tuning System
[2025-12-29 19:11:33,142:main.py#L27:INFO]: ====================================================================================================
[2025-12-29 19:11:33,142:main.py#L28:INFO]: Configuration file: config/config.ini
[2025-12-29 19:11:33,142:main.py#L29:INFO]: Host: localhost
[2025-12-29 19:11:33,142:main.py#L30:INFO]: Database: tpcds
[2025-12-29 19:11:33,143:main.py#L31:INFO]: Data Path: /var/lib/postgresql/12/main
[2025-12-29 19:11:33,143:main.py#L32:INFO]: Benchmark: tpcds
[2025-12-29 19:11:33,143:main.py#L33:INFO]: Workload Path: ./olap_workloads/
[2025-12-29 19:11:33,143:main.py#L34:INFO]: ====================================================================================================
[2025-12-29 19:11:33,145:main.py#L49:INFO]: Found 233 workloads matching prefix 'tpcds'
[2025-12-29 19:11:33,145:main.py#L55:INFO]: Found 30 completed workload records in: logs/performance_record
[2025-12-29 19:11:33,145:main.py#L63:INFO]: Processing first 13 of 233 workloads
[2025-12-29 19:11:33,145:main.py#L75:INFO]: [Workload 1/13] Skipping already completed: tpcds_0.wg
[2025-12-29 19:11:33,145:main.py#L75:INFO]: [Workload 2/13] Skipping already completed: tpcds_1.wg
[2025-12-29 19:11:33,145:main.py#L75:INFO]: [Workload 3/13] Skipping already completed: tpcds_2.wg
[2025-12-29 19:11:33,145:main.py#L75:INFO]: [Workload 4/13] Skipping already completed: tpcds_3.wg
[2025-12-29 19:11:33,145:main.py#L82:INFO]: ----------------------------------------------------------------------------------------------------
[2025-12-29 19:11:33,145:main.py#L83:INFO]: [Workload 5/13] Starting tuning for: tpcds_4.wg
[2025-12-29 19:11:33,145:main.py#L84:INFO]: ----------------------------------------------------------------------------------------------------
[2025-12-29 19:33:41,090:main.py#L89:INFO]: [Workload 5/13] Successfully completed tuning for: tpcds_4.wg
[2025-12-29 19:33:41,090:main.py#L82:INFO]: ----------------------------------------------------------------------------------------------------
[2025-12-29 19:33:41,090:main.py#L83:INFO]: [Workload 6/13] Starting tuning for: tpcds_5.wg
[2025-12-29 19:33:41,090:main.py#L84:INFO]: ----------------------------------------------------------------------------------------------------
[2025-12-29 21:59:32,779:main.py#L89:INFO]: [Workload 6/13] Successfully completed tuning for: tpcds_5.wg
[2025-12-29 21:59:32,779:main.py#L82:INFO]: ----------------------------------------------------------------------------------------------------
[2025-12-29 21:59:32,780:main.py#L83:INFO]: [Workload 7/13] Starting tuning for: tpcds_6.wg
[2025-12-29 21:59:32,780:main.py#L84:INFO]: ----------------------------------------------------------------------------------------------------
[2025-12-29 22:22:16,261:main.py#L89:INFO]: [Workload 7/13] Successfully completed tuning for: tpcds_6.wg
[2025-12-29 22:22:16,261:main.py#L82:INFO]: ----------------------------------------------------------------------------------------------------
[2025-12-29 22:22:16,261:main.py#L83:INFO]: [Workload 8/13] Starting tuning for: tpcds_7.wg
[2025-12-29 22:22:16,261:main.py#L84:INFO]: ----------------------------------------------------------------------------------------------------
[2025-12-29 22:39:56,771:main.py#L89:INFO]: [Workload 8/13] Successfully completed tuning for: tpcds_7.wg
[2025-12-29 22:39:56,771:main.py#L82:INFO]: ----------------------------------------------------------------------------------------------------
[2025-12-29 22:39:56,772:main.py#L83:INFO]: [Workload 9/13] Starting tuning for: tpcds_8.wg
[2025-12-29 22:39:56,772:main.py#L84:INFO]: ----------------------------------------------------------------------------------------------------
[2025-12-29 22:53:26,019:main.py#L89:INFO]: [Workload 9/13] Successfully completed tuning for: tpcds_8.wg
[2025-12-29 22:53:26,019:main.py#L82:INFO]: ----------------------------------------------------------------------------------------------------
[2025-12-29 22:53:26,019:main.py#L83:INFO]: [Workload 10/13] Starting tuning for: tpcds_9.wg
[2025-12-29 22:53:26,019:main.py#L84:INFO]: ----------------------------------------------------------------------------------------------------
[2025-12-29 23:11:17,272:main.py#L89:INFO]: [Workload 10/13] Successfully completed tuning for: tpcds_9.wg
[2025-12-29 23:11:17,272:main.py#L82:INFO]: ----------------------------------------------------------------------------------------------------
[2025-12-29 23:11:17,272:main.py#L83:INFO]: [Workload 11/13] Starting tuning for: tpcds_10.wg
[2025-12-29 23:11:17,272:main.py#L84:INFO]: ----------------------------------------------------------------------------------------------------
[2025-12-29 23:34:24,645:main.py#L89:INFO]: [Workload 11/13] Successfully completed tuning for: tpcds_10.wg
[2025-12-29 23:34:24,645:main.py#L82:INFO]: ----------------------------------------------------------------------------------------------------
[2025-12-29 23:34:24,645:main.py#L83:INFO]: [Workload 12/13] Starting tuning for: tpcds_11.wg
[2025-12-29 23:34:24,645:main.py#L84:INFO]: ----------------------------------------------------------------------------------------------------
[2025-12-29 23:51:40,269:main.py#L89:INFO]: [Workload 12/13] Successfully completed tuning for: tpcds_11.wg
[2025-12-29 23:51:40,269:main.py#L82:INFO]: ----------------------------------------------------------------------------------------------------
[2025-12-29 23:51:40,269:main.py#L83:INFO]: [Workload 13/13] Starting tuning for: tpcds_12.wg
[2025-12-29 23:51:40,269:main.py#L84:INFO]: ----------------------------------------------------------------------------------------------------
[2025-12-30 00:06:37,200:main.py#L89:INFO]: [Workload 13/13] Successfully completed tuning for: tpcds_12.wg
[2025-12-30 00:06:37,200:main.py#L104:INFO]: ====================================================================================================
[2025-12-30 00:06:37,200:main.py#L105:INFO]: TUNING SUMMARY
[2025-12-30 00:06:37,200:main.py#L106:INFO]: ====================================================================================================
[2025-12-30 00:06:37,200:main.py#L107:INFO]: Total workloads processed: 13
[2025-12-30 00:06:37,200:main.py#L108:INFO]: Successfully tuned: 9
[2025-12-30 00:06:37,200:main.py#L109:INFO]: Skipped (already completed): 4
[2025-12-30 00:06:37,200:main.py#L110:INFO]: Failed: 0
[2025-12-30 00:06:37,200:main.py#L111:INFO]: ====================================================================================================
[2025-12-30 00:06:37,200:main.py#L112:INFO]: E2ETune session completed
[2025-12-30 00:06:37,200:main.py#L113:INFO]: ====================================================================================================
