[2025-12-24 05:23:34,555:main.py#L25:INFO]: ====================================================================================================
[2025-12-24 05:23:34,555:main.py#L26:INFO]: E2ETune: End-to-End Database Tuning System
[2025-12-24 05:23:34,555:main.py#L27:INFO]: ====================================================================================================
[2025-12-24 05:23:34,555:main.py#L28:INFO]: Configuration file: config/config.ini
[2025-12-24 05:23:34,555:main.py#L29:INFO]: Host: localhost
[2025-12-24 05:23:34,555:main.py#L30:INFO]: Database: imdb
[2025-12-24 05:23:34,555:main.py#L31:INFO]: Data Path: /var/lib/postgresql/12/main
[2025-12-24 05:23:34,555:main.py#L32:INFO]: Benchmark: job
[2025-12-24 05:23:34,555:main.py#L33:INFO]: Workload Path: ./olap_workloads/
[2025-12-24 05:23:34,555:main.py#L34:INFO]: ====================================================================================================
[2025-12-24 05:23:34,558:main.py#L49:INFO]: Found 244 workloads matching prefix 'job'
[2025-12-24 05:23:34,558:main.py#L55:INFO]: Found 9 completed workload records in: logs/performance_record
[2025-12-24 05:23:34,558:main.py#L63:INFO]: Processing first 13 of 244 workloads
[2025-12-24 05:23:34,558:main.py#L75:INFO]: [Workload 1/13] Skipping already completed: job_0.wg
[2025-12-24 05:23:34,559:main.py#L75:INFO]: [Workload 2/13] Skipping already completed: job_1.wg
[2025-12-24 05:23:34,559:main.py#L75:INFO]: [Workload 3/13] Skipping already completed: job_2.wg
[2025-12-24 05:23:34,559:main.py#L75:INFO]: [Workload 4/13] Skipping already completed: job_3.wg
[2025-12-24 05:23:34,559:main.py#L75:INFO]: [Workload 5/13] Skipping already completed: job_4.wg
[2025-12-24 05:23:34,559:main.py#L75:INFO]: [Workload 6/13] Skipping already completed: job_5.wg
[2025-12-24 05:23:34,559:main.py#L75:INFO]: [Workload 7/13] Skipping already completed: job_6.wg
[2025-12-24 05:23:34,559:main.py#L75:INFO]: [Workload 8/13] Skipping already completed: job_7.wg
[2025-12-24 05:23:34,559:main.py#L75:INFO]: [Workload 9/13] Skipping already completed: job_8.wg
[2025-12-24 05:23:34,559:main.py#L82:INFO]: ----------------------------------------------------------------------------------------------------
[2025-12-24 05:23:34,559:main.py#L83:INFO]: [Workload 10/13] Starting tuning for: job_9.wg
[2025-12-24 05:23:34,559:main.py#L84:INFO]: ----------------------------------------------------------------------------------------------------
[2025-12-24 06:07:36,059:main.py#L89:INFO]: [Workload 10/13] Successfully completed tuning for: job_9.wg
[2025-12-24 06:07:36,059:main.py#L82:INFO]: ----------------------------------------------------------------------------------------------------
[2025-12-24 06:07:36,059:main.py#L83:INFO]: [Workload 11/13] Starting tuning for: job_10.wg
[2025-12-24 06:07:36,059:main.py#L84:INFO]: ----------------------------------------------------------------------------------------------------
[2025-12-24 07:12:56,181:main.py#L89:INFO]: [Workload 11/13] Successfully completed tuning for: job_10.wg
[2025-12-24 07:12:56,181:main.py#L82:INFO]: ----------------------------------------------------------------------------------------------------
[2025-12-24 07:12:56,181:main.py#L83:INFO]: [Workload 12/13] Starting tuning for: job_11.wg
[2025-12-24 07:12:56,181:main.py#L84:INFO]: ----------------------------------------------------------------------------------------------------
[2025-12-24 08:55:44,553:main.py#L89:INFO]: [Workload 12/13] Successfully completed tuning for: job_11.wg
[2025-12-24 08:55:44,553:main.py#L82:INFO]: ----------------------------------------------------------------------------------------------------
[2025-12-24 08:55:44,554:main.py#L83:INFO]: [Workload 13/13] Starting tuning for: job_12.wg
[2025-12-24 08:55:44,554:main.py#L84:INFO]: ----------------------------------------------------------------------------------------------------
[2025-12-24 09:25:57,802:main.py#L89:INFO]: [Workload 13/13] Successfully completed tuning for: job_12.wg
[2025-12-24 09:25:57,802:main.py#L104:INFO]: ====================================================================================================
[2025-12-24 09:25:57,802:main.py#L105:INFO]: TUNING SUMMARY
[2025-12-24 09:25:57,803:main.py#L106:INFO]: ====================================================================================================
[2025-12-24 09:25:57,803:main.py#L107:INFO]: Total workloads processed: 13
[2025-12-24 09:25:57,803:main.py#L108:INFO]: Successfully tuned: 4
[2025-12-24 09:25:57,803:main.py#L109:INFO]: Skipped (already completed): 9
[2025-12-24 09:25:57,803:main.py#L110:INFO]: Failed: 0
[2025-12-24 09:25:57,803:main.py#L111:INFO]: ====================================================================================================
[2025-12-24 09:25:57,803:main.py#L112:INFO]: E2ETune session completed
[2025-12-24 09:25:57,803:main.py#L113:INFO]: ====================================================================================================
