[2025-12-22 09:57:35,768:main.py#L25:INFO]: ====================================================================================================
[2025-12-22 09:57:35,769:main.py#L26:INFO]: E2ETune: End-to-End Database Tuning System
[2025-12-22 09:57:35,769:main.py#L27:INFO]: ====================================================================================================
[2025-12-22 09:57:35,769:main.py#L28:INFO]: Configuration file: config/config.ini
[2025-12-22 09:57:35,769:main.py#L29:INFO]: Host: localhost
[2025-12-22 09:57:35,769:main.py#L30:INFO]: Database: imdb
[2025-12-22 09:57:35,769:main.py#L31:INFO]: Data Path: /var/lib/postgresql/12/main
[2025-12-22 09:57:35,769:main.py#L32:INFO]: Benchmark: job
[2025-12-22 09:57:35,769:main.py#L33:INFO]: Workload Path: ./olap_workloads/
[2025-12-22 09:57:35,769:main.py#L34:INFO]: ====================================================================================================
[2025-12-22 09:57:35,771:main.py#L49:INFO]: Found 244 workloads matching prefix 'job'
[2025-12-22 09:57:35,771:main.py#L71:INFO]: Tuning first 13 of 244 remaining workloads
[2025-12-22 09:57:35,771:main.py#L89:INFO]: ----------------------------------------------------------------------------------------------------
[2025-12-22 09:57:35,771:main.py#L90:INFO]: [Workload 1/13] Starting tuning for: job_0.wg
[2025-12-22 09:57:35,771:main.py#L91:INFO]: ----------------------------------------------------------------------------------------------------
[2025-12-22 11:16:06,172:main.py#L96:INFO]: [Workload 1/13] Successfully completed tuning for: job_0.wg
[2025-12-22 11:16:06,173:main.py#L89:INFO]: ----------------------------------------------------------------------------------------------------
[2025-12-22 11:16:06,173:main.py#L90:INFO]: [Workload 2/13] Starting tuning for: job_1.wg
[2025-12-22 11:16:06,173:main.py#L91:INFO]: ----------------------------------------------------------------------------------------------------
[2025-12-22 11:22:14,599:main.py#L96:INFO]: [Workload 2/13] Successfully completed tuning for: job_1.wg
[2025-12-22 11:22:14,599:main.py#L89:INFO]: ----------------------------------------------------------------------------------------------------
[2025-12-22 11:22:14,599:main.py#L90:INFO]: [Workload 3/13] Starting tuning for: job_2.wg
[2025-12-22 11:22:14,599:main.py#L91:INFO]: ----------------------------------------------------------------------------------------------------
[2025-12-22 11:52:01,698:main.py#L96:INFO]: [Workload 3/13] Successfully completed tuning for: job_2.wg
[2025-12-22 11:52:01,698:main.py#L89:INFO]: ----------------------------------------------------------------------------------------------------
[2025-12-22 11:52:01,698:main.py#L90:INFO]: [Workload 4/13] Starting tuning for: job_3.wg
[2025-12-22 11:52:01,698:main.py#L91:INFO]: ----------------------------------------------------------------------------------------------------
[2025-12-22 12:44:47,096:main.py#L96:INFO]: [Workload 4/13] Successfully completed tuning for: job_3.wg
[2025-12-22 12:44:47,097:main.py#L89:INFO]: ----------------------------------------------------------------------------------------------------
[2025-12-22 12:44:47,097:main.py#L90:INFO]: [Workload 5/13] Starting tuning for: job_4.wg
[2025-12-22 12:44:47,097:main.py#L91:INFO]: ----------------------------------------------------------------------------------------------------
[2025-12-22 13:50:01,065:main.py#L96:INFO]: [Workload 5/13] Successfully completed tuning for: job_4.wg
[2025-12-22 13:50:01,065:main.py#L89:INFO]: ----------------------------------------------------------------------------------------------------
[2025-12-22 13:50:01,066:main.py#L90:INFO]: [Workload 6/13] Starting tuning for: job_5.wg
[2025-12-22 13:50:01,066:main.py#L91:INFO]: ----------------------------------------------------------------------------------------------------
[2025-12-22 15:43:02,440:main.py#L96:INFO]: [Workload 6/13] Successfully completed tuning for: job_5.wg
[2025-12-22 15:43:02,441:main.py#L89:INFO]: ----------------------------------------------------------------------------------------------------
[2025-12-22 15:43:02,441:main.py#L90:INFO]: [Workload 7/13] Starting tuning for: job_6.wg
[2025-12-22 15:43:02,441:main.py#L91:INFO]: ----------------------------------------------------------------------------------------------------
[2025-12-22 16:38:58,527:main.py#L96:INFO]: [Workload 7/13] Successfully completed tuning for: job_6.wg
[2025-12-22 16:38:58,527:main.py#L89:INFO]: ----------------------------------------------------------------------------------------------------
[2025-12-22 16:38:58,527:main.py#L90:INFO]: [Workload 8/13] Starting tuning for: job_7.wg
[2025-12-22 16:38:58,527:main.py#L91:INFO]: ----------------------------------------------------------------------------------------------------
[2025-12-22 16:47:22,001:main.py#L96:INFO]: [Workload 8/13] Successfully completed tuning for: job_7.wg
[2025-12-22 16:47:22,001:main.py#L89:INFO]: ----------------------------------------------------------------------------------------------------
[2025-12-22 16:47:22,002:main.py#L90:INFO]: [Workload 9/13] Starting tuning for: job_8.wg
[2025-12-22 16:47:22,002:main.py#L91:INFO]: ----------------------------------------------------------------------------------------------------
[2025-12-22 17:01:05,369:main.py#L96:INFO]: [Workload 9/13] Successfully completed tuning for: job_8.wg
[2025-12-22 17:01:05,369:main.py#L89:INFO]: ----------------------------------------------------------------------------------------------------
[2025-12-22 17:01:05,369:main.py#L90:INFO]: [Workload 10/13] Starting tuning for: job_9.wg
[2025-12-22 17:01:05,369:main.py#L91:INFO]: ----------------------------------------------------------------------------------------------------
[2025-12-22 18:01:58,310:main.py#L96:INFO]: [Workload 10/13] Successfully completed tuning for: job_9.wg
[2025-12-22 18:01:58,310:main.py#L89:INFO]: ----------------------------------------------------------------------------------------------------
[2025-12-22 18:01:58,311:main.py#L90:INFO]: [Workload 11/13] Starting tuning for: job_10.wg
[2025-12-22 18:01:58,311:main.py#L91:INFO]: ----------------------------------------------------------------------------------------------------
[2025-12-22 19:45:27,484:main.py#L96:INFO]: [Workload 11/13] Successfully completed tuning for: job_10.wg
[2025-12-22 19:45:27,484:main.py#L89:INFO]: ----------------------------------------------------------------------------------------------------
[2025-12-22 19:45:27,484:main.py#L90:INFO]: [Workload 12/13] Starting tuning for: job_11.wg
[2025-12-22 19:45:27,484:main.py#L91:INFO]: ----------------------------------------------------------------------------------------------------
