[2026-01-04 14:26:31,650:main.py#L25:INFO]: ====================================================================================================
[2026-01-04 14:26:31,650:main.py#L26:INFO]: E2ETune: End-to-End Database Tuning System
[2026-01-04 14:26:31,650:main.py#L27:INFO]: ====================================================================================================
[2026-01-04 14:26:31,650:main.py#L28:INFO]: Configuration file: config/config.ini
[2026-01-04 14:26:31,650:main.py#L29:INFO]: Host: localhost
[2026-01-04 14:26:31,650:main.py#L30:INFO]: Database: tpcc
[2026-01-04 14:26:31,651:main.py#L31:INFO]: Data Path: /var/lib/postgresql/12/main
[2026-01-04 14:26:31,651:main.py#L32:INFO]: Benchmark: tpcc
[2026-01-04 14:26:31,651:main.py#L33:INFO]: Workload Path: ./oltp_workloads/tpcc/
[2026-01-04 14:26:31,651:main.py#L34:INFO]: ====================================================================================================
[2026-01-04 14:26:31,652:main.py#L54:INFO]: Found 201 workloads matching prefix 'tpcc'
[2026-01-04 14:26:31,652:main.py#L60:INFO]: Found 52 completed workload records in: logs/performance_record
[2026-01-04 14:26:31,653:main.py#L68:INFO]: Processing first 13 of 201 workloads
[2026-01-04 14:26:31,653:main.py#L87:INFO]: ----------------------------------------------------------------------------------------------------
[2026-01-04 14:26:31,653:main.py#L88:INFO]: [Workload 1/13] Starting tuning for: sample_tpcc_config0.xml
[2026-01-04 14:26:31,653:main.py#L89:INFO]: ----------------------------------------------------------------------------------------------------
[2026-01-04 16:51:55,983:main.py#L94:INFO]: [Workload 1/13] Successfully completed tuning for: sample_tpcc_config0.xml
[2026-01-04 16:51:55,983:main.py#L87:INFO]: ----------------------------------------------------------------------------------------------------
[2026-01-04 16:51:55,983:main.py#L88:INFO]: [Workload 2/13] Starting tuning for: sample_tpcc_config1.xml
[2026-01-04 16:51:55,983:main.py#L89:INFO]: ----------------------------------------------------------------------------------------------------
[2026-01-04 19:13:38,353:main.py#L94:INFO]: [Workload 2/13] Successfully completed tuning for: sample_tpcc_config1.xml
[2026-01-04 19:13:38,353:main.py#L87:INFO]: ----------------------------------------------------------------------------------------------------
[2026-01-04 19:13:38,353:main.py#L88:INFO]: [Workload 3/13] Starting tuning for: sample_tpcc_config2.xml
[2026-01-04 19:13:38,353:main.py#L89:INFO]: ----------------------------------------------------------------------------------------------------
