[2025-12-24 14:28:30,555:main.py#L25:INFO]: ====================================================================================================
[2025-12-24 14:28:30,555:main.py#L26:INFO]: E2ETune: End-to-End Database Tuning System
[2025-12-24 14:28:30,555:main.py#L27:INFO]: ====================================================================================================
[2025-12-24 14:28:30,555:main.py#L28:INFO]: Configuration file: config/config.ini
[2025-12-24 14:28:30,555:main.py#L29:INFO]: Host: localhost
[2025-12-24 14:28:30,555:main.py#L30:INFO]: Database: imdb
[2025-12-24 14:28:30,555:main.py#L31:INFO]: Data Path: /var/lib/postgresql/12/main
[2025-12-24 14:28:30,556:main.py#L32:INFO]: Benchmark: job
[2025-12-24 14:28:30,556:main.py#L33:INFO]: Workload Path: ./olap_workloads/
[2025-12-24 14:28:30,556:main.py#L34:INFO]: ====================================================================================================
[2025-12-24 14:28:30,558:main.py#L49:INFO]: Found 244 workloads matching prefix 'job'
[2025-12-24 14:28:30,558:main.py#L63:INFO]: Processing first 13 of 244 workloads
[2025-12-24 14:28:30,559:main.py#L82:INFO]: ----------------------------------------------------------------------------------------------------
[2025-12-24 14:28:30,559:main.py#L83:INFO]: [Workload 1/13] Starting tuning for: job_0.wg
[2025-12-24 14:28:30,559:main.py#L84:INFO]: ----------------------------------------------------------------------------------------------------
[2025-12-24 15:21:10,334:main.py#L89:INFO]: [Workload 1/13] Successfully completed tuning for: job_0.wg
[2025-12-24 15:21:10,335:main.py#L82:INFO]: ----------------------------------------------------------------------------------------------------
[2025-12-24 15:21:10,335:main.py#L83:INFO]: [Workload 2/13] Starting tuning for: job_1.wg
[2025-12-24 15:21:10,335:main.py#L84:INFO]: ----------------------------------------------------------------------------------------------------
[2025-12-24 15:34:48,212:main.py#L89:INFO]: [Workload 2/13] Successfully completed tuning for: job_1.wg
[2025-12-24 15:34:48,212:main.py#L82:INFO]: ----------------------------------------------------------------------------------------------------
[2025-12-24 15:34:48,213:main.py#L83:INFO]: [Workload 3/13] Starting tuning for: job_2.wg
[2025-12-24 15:34:48,213:main.py#L84:INFO]: ----------------------------------------------------------------------------------------------------
[2025-12-24 16:15:08,731:main.py#L89:INFO]: [Workload 3/13] Successfully completed tuning for: job_2.wg
[2025-12-24 16:15:08,731:main.py#L82:INFO]: ----------------------------------------------------------------------------------------------------
[2025-12-24 16:15:08,732:main.py#L83:INFO]: [Workload 4/13] Starting tuning for: job_3.wg
[2025-12-24 16:15:08,732:main.py#L84:INFO]: ----------------------------------------------------------------------------------------------------
[2025-12-24 16:48:37,552:main.py#L89:INFO]: [Workload 4/13] Successfully completed tuning for: job_3.wg
[2025-12-24 16:48:37,552:main.py#L82:INFO]: ----------------------------------------------------------------------------------------------------
[2025-12-24 16:48:37,552:main.py#L83:INFO]: [Workload 5/13] Starting tuning for: job_4.wg
[2025-12-24 16:48:37,552:main.py#L84:INFO]: ----------------------------------------------------------------------------------------------------
[2025-12-24 18:28:19,881:main.py#L89:INFO]: [Workload 5/13] Successfully completed tuning for: job_4.wg
[2025-12-24 18:28:19,881:main.py#L82:INFO]: ----------------------------------------------------------------------------------------------------
[2025-12-24 18:28:19,881:main.py#L83:INFO]: [Workload 6/13] Starting tuning for: job_5.wg
[2025-12-24 18:28:19,882:main.py#L84:INFO]: ----------------------------------------------------------------------------------------------------
[2025-12-24 19:20:26,563:main.py#L89:INFO]: [Workload 6/13] Successfully completed tuning for: job_5.wg
[2025-12-24 19:20:26,563:main.py#L82:INFO]: ----------------------------------------------------------------------------------------------------
[2025-12-24 19:20:26,563:main.py#L83:INFO]: [Workload 7/13] Starting tuning for: job_6.wg
[2025-12-24 19:20:26,564:main.py#L84:INFO]: ----------------------------------------------------------------------------------------------------
[2025-12-24 19:50:47,168:main.py#L89:INFO]: [Workload 7/13] Successfully completed tuning for: job_6.wg
[2025-12-24 19:50:47,168:main.py#L82:INFO]: ----------------------------------------------------------------------------------------------------
[2025-12-24 19:50:47,168:main.py#L83:INFO]: [Workload 8/13] Starting tuning for: job_7.wg
[2025-12-24 19:50:47,168:main.py#L84:INFO]: ----------------------------------------------------------------------------------------------------
[2025-12-24 20:04:08,022:main.py#L89:INFO]: [Workload 8/13] Successfully completed tuning for: job_7.wg
[2025-12-24 20:04:08,022:main.py#L82:INFO]: ----------------------------------------------------------------------------------------------------
[2025-12-24 20:04:08,022:main.py#L83:INFO]: [Workload 9/13] Starting tuning for: job_8.wg
[2025-12-24 20:04:08,023:main.py#L84:INFO]: ----------------------------------------------------------------------------------------------------
[2025-12-24 20:27:42,191:main.py#L89:INFO]: [Workload 9/13] Successfully completed tuning for: job_8.wg
[2025-12-24 20:27:42,192:main.py#L82:INFO]: ----------------------------------------------------------------------------------------------------
[2025-12-24 20:27:42,192:main.py#L83:INFO]: [Workload 10/13] Starting tuning for: job_9.wg
[2025-12-24 20:27:42,192:main.py#L84:INFO]: ----------------------------------------------------------------------------------------------------
[2025-12-24 21:55:16,462:main.py#L89:INFO]: [Workload 10/13] Successfully completed tuning for: job_9.wg
[2025-12-24 21:55:16,462:main.py#L82:INFO]: ----------------------------------------------------------------------------------------------------
[2025-12-24 21:55:16,462:main.py#L83:INFO]: [Workload 11/13] Starting tuning for: job_10.wg
[2025-12-24 21:55:16,462:main.py#L84:INFO]: ----------------------------------------------------------------------------------------------------
[2025-12-24 22:47:30,197:main.py#L89:INFO]: [Workload 11/13] Successfully completed tuning for: job_10.wg
[2025-12-24 22:47:30,197:main.py#L82:INFO]: ----------------------------------------------------------------------------------------------------
[2025-12-24 22:47:30,197:main.py#L83:INFO]: [Workload 12/13] Starting tuning for: job_11.wg
[2025-12-24 22:47:30,197:main.py#L84:INFO]: ----------------------------------------------------------------------------------------------------
[2025-12-24 23:55:41,333:main.py#L89:INFO]: [Workload 12/13] Successfully completed tuning for: job_11.wg
[2025-12-24 23:55:41,333:main.py#L82:INFO]: ----------------------------------------------------------------------------------------------------
[2025-12-24 23:55:41,333:main.py#L83:INFO]: [Workload 13/13] Starting tuning for: job_12.wg
[2025-12-24 23:55:41,333:main.py#L84:INFO]: ----------------------------------------------------------------------------------------------------
[2025-12-25 00:33:42,561:main.py#L89:INFO]: [Workload 13/13] Successfully completed tuning for: job_12.wg
[2025-12-25 00:33:42,561:main.py#L104:INFO]: ====================================================================================================
[2025-12-25 00:33:42,561:main.py#L105:INFO]: TUNING SUMMARY
[2025-12-25 00:33:42,561:main.py#L106:INFO]: ====================================================================================================
[2025-12-25 00:33:42,562:main.py#L107:INFO]: Total workloads processed: 13
[2025-12-25 00:33:42,562:main.py#L108:INFO]: Successfully tuned: 13
[2025-12-25 00:33:42,562:main.py#L109:INFO]: Skipped (already completed): 0
[2025-12-25 00:33:42,562:main.py#L110:INFO]: Failed: 0
[2025-12-25 00:33:42,562:main.py#L111:INFO]: ====================================================================================================
[2025-12-25 00:33:42,562:main.py#L112:INFO]: E2ETune session completed
[2025-12-25 00:33:42,562:main.py#L113:INFO]: ====================================================================================================
