[2025-12-30 08:57:49,167:main.py#L25:INFO]: ====================================================================================================
[2025-12-30 08:57:49,168:main.py#L26:INFO]: E2ETune: End-to-End Database Tuning System
[2025-12-30 08:57:49,168:main.py#L27:INFO]: ====================================================================================================
[2025-12-30 08:57:49,168:main.py#L28:INFO]: Configuration file: config/config.ini
[2025-12-30 08:57:49,168:main.py#L29:INFO]: Host: localhost
[2025-12-30 08:57:49,168:main.py#L30:INFO]: Database: ssb
[2025-12-30 08:57:49,168:main.py#L31:INFO]: Data Path: /var/lib/postgresql/12/main
[2025-12-30 08:57:49,168:main.py#L32:INFO]: Benchmark: ssb
[2025-12-30 08:57:49,168:main.py#L33:INFO]: Workload Path: ./olap_workloads/
[2025-12-30 08:57:49,168:main.py#L34:INFO]: ====================================================================================================
[2025-12-30 08:57:49,171:main.py#L49:INFO]: Found 526 workloads matching prefix 'ssb'
[2025-12-30 08:57:49,171:main.py#L55:INFO]: Found 39 completed workload records in: logs/performance_record
[2025-12-30 08:57:49,172:main.py#L63:INFO]: Processing first 13 of 526 workloads
[2025-12-30 08:57:49,172:main.py#L82:INFO]: ----------------------------------------------------------------------------------------------------
[2025-12-30 08:57:49,172:main.py#L83:INFO]: [Workload 1/13] Starting tuning for: ssb_0.wg
[2025-12-30 08:57:49,172:main.py#L84:INFO]: ----------------------------------------------------------------------------------------------------
[2025-12-30 09:20:59,141:main.py#L89:INFO]: [Workload 1/13] Successfully completed tuning for: ssb_0.wg
[2025-12-30 09:20:59,141:main.py#L82:INFO]: ----------------------------------------------------------------------------------------------------
[2025-12-30 09:20:59,142:main.py#L83:INFO]: [Workload 2/13] Starting tuning for: ssb_1.wg
[2025-12-30 09:20:59,142:main.py#L84:INFO]: ----------------------------------------------------------------------------------------------------
