[2025-12-30 08:47:01,201:main.py#L25:INFO]: ====================================================================================================
[2025-12-30 08:47:01,201:main.py#L26:INFO]: E2ETune: End-to-End Database Tuning System
[2025-12-30 08:47:01,201:main.py#L27:INFO]: ====================================================================================================
[2025-12-30 08:47:01,201:main.py#L28:INFO]: Configuration file: config/config.ini
[2025-12-30 08:47:01,201:main.py#L29:INFO]: Host: localhost
[2025-12-30 08:47:01,202:main.py#L30:INFO]: Database: ssb
[2025-12-30 08:47:01,202:main.py#L31:INFO]: Data Path: /var/lib/postgresql/12/main
[2025-12-30 08:47:01,202:main.py#L32:INFO]: Benchmark: ssb
[2025-12-30 08:47:01,202:main.py#L33:INFO]: Workload Path: ./olap_workloads/
[2025-12-30 08:47:01,202:main.py#L34:INFO]: ====================================================================================================
[2025-12-30 08:47:01,206:main.py#L49:INFO]: Found 526 workloads matching prefix 'ssb'
[2025-12-30 08:47:01,206:main.py#L55:INFO]: Found 39 completed workload records in: logs/performance_record
[2025-12-30 08:47:01,206:main.py#L63:INFO]: Processing first 13 of 526 workloads
[2025-12-30 08:47:01,206:main.py#L82:INFO]: ----------------------------------------------------------------------------------------------------
[2025-12-30 08:47:01,206:main.py#L83:INFO]: [Workload 1/13] Starting tuning for: ssb_0.wg
[2025-12-30 08:47:01,206:main.py#L84:INFO]: ----------------------------------------------------------------------------------------------------
[2025-12-30 08:47:09,114:main.py#L93:ERROR]: [Workload 1/13] Error tuning ssb_0.wg: relation "date_dim" does not exist
LINE 4: ...lo_orderkey) AS num_orders FROM lineorder lo JOIN date_dim d...
                                                             ^
Traceback (most recent call last):
  File "/home/E2ETune-AI4DB/main.py", line 86, in <module>
    run_tuning(args, False)
  File "/home/E2ETune-AI4DB/tuner.py", line 41, in run_tuning
    internal_metrics = default_run(workload_file, args)
  File "/home/E2ETune-AI4DB/tuner.py", line 71, in default_run
    db.run_workload_with_defaults(workload_file)
  File "/home/E2ETune-AI4DB/Database.py", line 371, in run_workload_with_defaults
    cursor.execute(sql_commands)
psycopg2.errors.UndefinedTable: relation "date_dim" does not exist
LINE 4: ...lo_orderkey) AS num_orders FROM lineorder lo JOIN date_dim d...
                                                             ^

[2025-12-30 08:47:09,115:main.py#L97:ERROR]: Stopping due to error (large workload set)
[2025-12-30 08:47:09,116:main.py#L104:INFO]: ====================================================================================================
[2025-12-30 08:47:09,116:main.py#L105:INFO]: TUNING SUMMARY
[2025-12-30 08:47:09,116:main.py#L106:INFO]: ====================================================================================================
[2025-12-30 08:47:09,116:main.py#L107:INFO]: Total workloads processed: 13
[2025-12-30 08:47:09,116:main.py#L108:INFO]: Successfully tuned: 0
[2025-12-30 08:47:09,116:main.py#L109:INFO]: Skipped (already completed): 0
[2025-12-30 08:47:09,116:main.py#L110:INFO]: Failed: 1
[2025-12-30 08:47:09,116:main.py#L111:INFO]: ====================================================================================================
[2025-12-30 08:47:09,116:main.py#L112:INFO]: E2ETune session completed
[2025-12-30 08:47:09,116:main.py#L113:INFO]: ====================================================================================================
