[2026-01-03 04:32:20,855:main.py#L25:INFO]: ====================================================================================================
[2026-01-03 04:32:20,855:main.py#L26:INFO]: E2ETune: End-to-End Database Tuning System
[2026-01-03 04:32:20,855:main.py#L27:INFO]: ====================================================================================================
[2026-01-03 04:32:20,855:main.py#L28:INFO]: Configuration file: config/config.ini
[2026-01-03 04:32:20,855:main.py#L29:INFO]: Host: localhost
[2026-01-03 04:32:20,855:main.py#L30:INFO]: Database: ssb
[2026-01-03 04:32:20,856:main.py#L31:INFO]: Data Path: /var/lib/postgresql/12/main
[2026-01-03 04:32:20,856:main.py#L32:INFO]: Benchmark: ssb
[2026-01-03 04:32:20,856:main.py#L33:INFO]: Workload Path: ./olap_workloads/
[2026-01-03 04:32:20,856:main.py#L34:INFO]: ====================================================================================================
[2026-01-03 04:32:20,859:main.py#L49:INFO]: Found 526 workloads matching prefix 'ssb'
[2026-01-03 04:32:20,859:main.py#L55:INFO]: Found 40 completed workload records in: logs/performance_record
[2026-01-03 04:32:20,859:main.py#L63:INFO]: Processing first 13 of 526 workloads
[2026-01-03 04:32:20,859:main.py#L75:INFO]: [Workload 1/13] Skipping already completed: ssb_0.wg
[2026-01-03 04:32:20,859:main.py#L82:INFO]: ----------------------------------------------------------------------------------------------------
[2026-01-03 04:32:20,859:main.py#L83:INFO]: [Workload 2/13] Starting tuning for: ssb_1.wg
[2026-01-03 04:32:20,859:main.py#L84:INFO]: ----------------------------------------------------------------------------------------------------
[2026-01-03 05:10:11,502:main.py#L89:INFO]: [Workload 2/13] Successfully completed tuning for: ssb_1.wg
[2026-01-03 05:10:11,502:main.py#L82:INFO]: ----------------------------------------------------------------------------------------------------
[2026-01-03 05:10:11,502:main.py#L83:INFO]: [Workload 3/13] Starting tuning for: ssb_2.wg
[2026-01-03 05:10:11,502:main.py#L84:INFO]: ----------------------------------------------------------------------------------------------------
[2026-01-03 05:30:00,588:main.py#L89:INFO]: [Workload 3/13] Successfully completed tuning for: ssb_2.wg
[2026-01-03 05:30:00,588:main.py#L82:INFO]: ----------------------------------------------------------------------------------------------------
[2026-01-03 05:30:00,588:main.py#L83:INFO]: [Workload 4/13] Starting tuning for: ssb_3.wg
[2026-01-03 05:30:00,588:main.py#L84:INFO]: ----------------------------------------------------------------------------------------------------
[2026-01-03 05:45:48,585:main.py#L89:INFO]: [Workload 4/13] Successfully completed tuning for: ssb_3.wg
[2026-01-03 05:45:48,585:main.py#L82:INFO]: ----------------------------------------------------------------------------------------------------
[2026-01-03 05:45:48,585:main.py#L83:INFO]: [Workload 5/13] Starting tuning for: ssb_4.wg
[2026-01-03 05:45:48,585:main.py#L84:INFO]: ----------------------------------------------------------------------------------------------------
[2026-01-03 06:20:01,218:main.py#L89:INFO]: [Workload 5/13] Successfully completed tuning for: ssb_4.wg
[2026-01-03 06:20:01,218:main.py#L82:INFO]: ----------------------------------------------------------------------------------------------------
[2026-01-03 06:20:01,218:main.py#L83:INFO]: [Workload 6/13] Starting tuning for: ssb_5.wg
[2026-01-03 06:20:01,218:main.py#L84:INFO]: ----------------------------------------------------------------------------------------------------
[2026-01-03 06:56:10,298:main.py#L89:INFO]: [Workload 6/13] Successfully completed tuning for: ssb_5.wg
[2026-01-03 06:56:10,298:main.py#L82:INFO]: ----------------------------------------------------------------------------------------------------
[2026-01-03 06:56:10,298:main.py#L83:INFO]: [Workload 7/13] Starting tuning for: ssb_6.wg
[2026-01-03 06:56:10,298:main.py#L84:INFO]: ----------------------------------------------------------------------------------------------------
[2026-01-03 07:16:40,194:main.py#L89:INFO]: [Workload 7/13] Successfully completed tuning for: ssb_6.wg
[2026-01-03 07:16:40,194:main.py#L82:INFO]: ----------------------------------------------------------------------------------------------------
[2026-01-03 07:16:40,194:main.py#L83:INFO]: [Workload 8/13] Starting tuning for: ssb_7.wg
[2026-01-03 07:16:40,195:main.py#L84:INFO]: ----------------------------------------------------------------------------------------------------
[2026-01-03 07:40:47,466:main.py#L89:INFO]: [Workload 8/13] Successfully completed tuning for: ssb_7.wg
[2026-01-03 07:40:47,466:main.py#L82:INFO]: ----------------------------------------------------------------------------------------------------
[2026-01-03 07:40:47,467:main.py#L83:INFO]: [Workload 9/13] Starting tuning for: ssb_8.wg
[2026-01-03 07:40:47,467:main.py#L84:INFO]: ----------------------------------------------------------------------------------------------------
[2026-01-03 07:57:47,123:main.py#L89:INFO]: [Workload 9/13] Successfully completed tuning for: ssb_8.wg
[2026-01-03 07:57:47,123:main.py#L82:INFO]: ----------------------------------------------------------------------------------------------------
[2026-01-03 07:57:47,123:main.py#L83:INFO]: [Workload 10/13] Starting tuning for: ssb_9.wg
[2026-01-03 07:57:47,123:main.py#L84:INFO]: ----------------------------------------------------------------------------------------------------
[2026-01-03 08:31:38,161:main.py#L89:INFO]: [Workload 10/13] Successfully completed tuning for: ssb_9.wg
[2026-01-03 08:31:38,161:main.py#L82:INFO]: ----------------------------------------------------------------------------------------------------
[2026-01-03 08:31:38,161:main.py#L83:INFO]: [Workload 11/13] Starting tuning for: ssb_10.wg
[2026-01-03 08:31:38,161:main.py#L84:INFO]: ----------------------------------------------------------------------------------------------------
[2026-01-03 09:02:46,905:main.py#L89:INFO]: [Workload 11/13] Successfully completed tuning for: ssb_10.wg
[2026-01-03 09:02:46,906:main.py#L82:INFO]: ----------------------------------------------------------------------------------------------------
[2026-01-03 09:02:46,906:main.py#L83:INFO]: [Workload 12/13] Starting tuning for: ssb_11.wg
[2026-01-03 09:02:46,906:main.py#L84:INFO]: ----------------------------------------------------------------------------------------------------
[2026-01-03 09:17:29,503:main.py#L89:INFO]: [Workload 12/13] Successfully completed tuning for: ssb_11.wg
[2026-01-03 09:17:29,503:main.py#L82:INFO]: ----------------------------------------------------------------------------------------------------
[2026-01-03 09:17:29,503:main.py#L83:INFO]: [Workload 13/13] Starting tuning for: ssb_12.wg
[2026-01-03 09:17:29,503:main.py#L84:INFO]: ----------------------------------------------------------------------------------------------------
[2026-01-03 09:40:22,011:main.py#L89:INFO]: [Workload 13/13] Successfully completed tuning for: ssb_12.wg
[2026-01-03 09:40:22,012:main.py#L104:INFO]: ====================================================================================================
[2026-01-03 09:40:22,012:main.py#L105:INFO]: TUNING SUMMARY
[2026-01-03 09:40:22,012:main.py#L106:INFO]: ====================================================================================================
[2026-01-03 09:40:22,012:main.py#L107:INFO]: Total workloads processed: 13
[2026-01-03 09:40:22,012:main.py#L108:INFO]: Successfully tuned: 12
[2026-01-03 09:40:22,012:main.py#L109:INFO]: Skipped (already completed): 1
[2026-01-03 09:40:22,012:main.py#L110:INFO]: Failed: 0
[2026-01-03 09:40:22,012:main.py#L111:INFO]: ====================================================================================================
[2026-01-03 09:40:22,012:main.py#L112:INFO]: E2ETune session completed
[2026-01-03 09:40:22,012:main.py#L113:INFO]: ====================================================================================================
