[2025-12-23 05:53:19,629:main.py#L25:INFO]: ====================================================================================================
[2025-12-23 05:53:19,629:main.py#L26:INFO]: E2ETune: End-to-End Database Tuning System
[2025-12-23 05:53:19,629:main.py#L27:INFO]: ====================================================================================================
[2025-12-23 05:53:19,629:main.py#L28:INFO]: Configuration file: config/config.ini
[2025-12-23 05:53:19,629:main.py#L29:INFO]: Host: localhost
[2025-12-23 05:53:19,629:main.py#L30:INFO]: Database: imdb
[2025-12-23 05:53:19,629:main.py#L31:INFO]: Data Path: /var/lib/postgresql/12/main
[2025-12-23 05:53:19,630:main.py#L32:INFO]: Benchmark: job
[2025-12-23 05:53:19,630:main.py#L33:INFO]: Workload Path: ./olap_workloads/
[2025-12-23 05:53:19,630:main.py#L34:INFO]: ====================================================================================================
[2025-12-23 05:53:19,631:main.py#L49:INFO]: Found 244 workloads matching prefix 'job'
[2025-12-23 05:53:19,631:main.py#L55:INFO]: Found 11 completed workload records in: logs/performance_record
[2025-12-23 05:53:19,632:main.py#L63:INFO]: Processing first 13 of 244 workloads
[2025-12-23 05:53:19,632:main.py#L75:INFO]: [Workload 1/13] Skipping already completed: job_0.wg
[2025-12-23 05:53:19,632:main.py#L75:INFO]: [Workload 2/13] Skipping already completed: job_1.wg
[2025-12-23 05:53:19,632:main.py#L75:INFO]: [Workload 3/13] Skipping already completed: job_2.wg
[2025-12-23 05:53:19,632:main.py#L75:INFO]: [Workload 4/13] Skipping already completed: job_3.wg
[2025-12-23 05:53:19,632:main.py#L75:INFO]: [Workload 5/13] Skipping already completed: job_4.wg
[2025-12-23 05:53:19,632:main.py#L75:INFO]: [Workload 6/13] Skipping already completed: job_5.wg
[2025-12-23 05:53:19,632:main.py#L75:INFO]: [Workload 7/13] Skipping already completed: job_6.wg
[2025-12-23 05:53:19,632:main.py#L75:INFO]: [Workload 8/13] Skipping already completed: job_7.wg
[2025-12-23 05:53:19,632:main.py#L75:INFO]: [Workload 9/13] Skipping already completed: job_8.wg
[2025-12-23 05:53:19,632:main.py#L75:INFO]: [Workload 10/13] Skipping already completed: job_9.wg
[2025-12-23 05:53:19,632:main.py#L75:INFO]: [Workload 11/13] Skipping already completed: job_10.wg
[2025-12-23 05:53:19,632:main.py#L82:INFO]: ----------------------------------------------------------------------------------------------------
[2025-12-23 05:53:19,632:main.py#L83:INFO]: [Workload 12/13] Starting tuning for: job_11.wg
[2025-12-23 05:53:19,632:main.py#L84:INFO]: ----------------------------------------------------------------------------------------------------
[2025-12-23 08:11:32,326:main.py#L89:INFO]: [Workload 12/13] Successfully completed tuning for: job_11.wg
[2025-12-23 08:11:32,327:main.py#L82:INFO]: ----------------------------------------------------------------------------------------------------
[2025-12-23 08:11:32,327:main.py#L83:INFO]: [Workload 13/13] Starting tuning for: job_12.wg
[2025-12-23 08:11:32,327:main.py#L84:INFO]: ----------------------------------------------------------------------------------------------------
[2025-12-23 09:37:58,527:main.py#L89:INFO]: [Workload 13/13] Successfully completed tuning for: job_12.wg
[2025-12-23 09:37:58,528:main.py#L104:INFO]: ====================================================================================================
[2025-12-23 09:37:58,528:main.py#L105:INFO]: TUNING SUMMARY
[2025-12-23 09:37:58,528:main.py#L106:INFO]: ====================================================================================================
[2025-12-23 09:37:58,529:main.py#L107:INFO]: Total workloads processed: 13
[2025-12-23 09:37:58,529:main.py#L108:INFO]: Successfully tuned: 2
[2025-12-23 09:37:58,529:main.py#L109:INFO]: Skipped (already completed): 11
[2025-12-23 09:37:58,529:main.py#L110:INFO]: Failed: 0
[2025-12-23 09:37:58,529:main.py#L111:INFO]: ====================================================================================================
[2025-12-23 09:37:58,530:main.py#L112:INFO]: E2ETune session completed
[2025-12-23 09:37:58,530:main.py#L113:INFO]: ====================================================================================================
